[61392:23896:0318/190019.495:WARNING:t_skinfilemap.cpp(56)] SGRenderLog:CheckUpdate newMem.OpenMem failed, szNewMem:Local\sgime_skin.v8.filemap.sogouime err:系统错误2: 系统找不到指定的文件。  
打开Filemap失败: Local\sgime_skin.v8.filemap.sogouime3026260cdc7
[61392:23896:0318/190019.495:WARNING:t_skinfilemap.cpp(65)] SGRenderLog:CheckUpdate finish: old version:1
[61392:23896:0318/190019.495:WARNING:t_skinfilemap.cpp(67)] SGRenderLog:CheckUpdate finish: new version:8
[61392:23896:0318/190019.566:WARNING:t_skinfilemap.cpp(63)] SGRenderLog:CheckUpdate newMem.OpenMem Suc, szNewMem:Local\sgime_skin.Dpi144.v8.filemap.sogouime
[61392:23896:0318/190019.566:WARNING:t_skinfilemap.cpp(65)] SGRenderLog:CheckUpdate finish: old version:8
[61392:23896:0318/190019.575:WARNING:t_skinfilemap.cpp(67)] SGRenderLog:CheckUpdate finish: new version:8
[57072:10064:0318/190307.261:WARNING:t_skinfilemap.cpp(56)] SGRenderLog:CheckUpdate newMem.OpenMem failed, szNewMem:Local\sgime_skin.v8.filemap.sogouime err:系统错误2: 系统找不到指定的文件。  
打开Filemap失败: Local\sgime_skin.v8.filemap.sogouime3026260cdc7
[57072:10064:0318/190307.261:WARNING:t_skinfilemap.cpp(65)] SGRenderLog:CheckUpdate finish: old version:1
[57072:10064:0318/190307.261:WARNING:t_skinfilemap.cpp(67)] SGRenderLog:CheckUpdate finish: new version:8
[57072:10064:0318/190307.325:WARNING:t_skinfilemap.cpp(63)] SGRenderLog:CheckUpdate newMem.OpenMem Suc, szNewMem:Local\sgime_skin.Dpi144.v8.filemap.sogouime
[57072:10064:0318/190307.325:WARNING:t_skinfilemap.cpp(65)] SGRenderLog:CheckUpdate finish: old version:8
[57072:10064:0318/190307.325:WARNING:t_skinfilemap.cpp(67)] SGRenderLog:CheckUpdate finish: new version:8
[61260:15020:0319/164420.160:WARNING:t_skinfilemap.cpp(56)] SGRenderLog:CheckUpdate newMem.OpenMem failed, szNewMem:Local\sgime_skin.v9.filemap.sogouime err:系统错误2: 系统找不到指定的文件。  
打开Filemap失败: Local\sgime_skin.v9.filemap.sogouime3026260cdc7
[61260:15020:0319/164420.160:WARNING:t_skinfilemap.cpp(65)] SGRenderLog:CheckUpdate finish: old version:1
[61260:15020:0319/164420.160:WARNING:t_skinfilemap.cpp(67)] SGRenderLog:CheckUpdate finish: new version:9
[61260:15020:0319/164420.278:WARNING:t_skinfilemap.cpp(63)] SGRenderLog:CheckUpdate newMem.OpenMem Suc, szNewMem:Local\sgime_skin.Dpi144.v9.filemap.sogouime
[61260:15020:0319/164420.278:WARNING:t_skinfilemap.cpp(65)] SGRenderLog:CheckUpdate finish: old version:9
[61260:15020:0319/164420.278:WARNING:t_skinfilemap.cpp(67)] SGRenderLog:CheckUpdate finish: new version:9
[53516:9652:0319/165647.896:WARNING:t_skinfilemap.cpp(56)] SGRenderLog:CheckUpdate newMem.OpenMem failed, szNewMem:Local\sgime_skin.v9.filemap.sogouime err:系统错误2: 系统找不到指定的文件。  
打开Filemap失败: Local\sgime_skin.v9.filemap.sogouime3026260cdc7
[53516:9652:0319/165647.896:WARNING:t_skinfilemap.cpp(65)] SGRenderLog:CheckUpdate finish: old version:1
[53516:9652:0319/165647.896:WARNING:t_skinfilemap.cpp(67)] SGRenderLog:CheckUpdate finish: new version:9
[53516:9652:0319/165647.956:WARNING:t_skinfilemap.cpp(63)] SGRenderLog:CheckUpdate newMem.OpenMem Suc, szNewMem:Local\sgime_skin.Dpi144.v9.filemap.sogouime
[53516:9652:0319/165647.956:WARNING:t_skinfilemap.cpp(65)] SGRenderLog:CheckUpdate finish: old version:9
[53516:9652:0319/165647.956:WARNING:t_skinfilemap.cpp(67)] SGRenderLog:CheckUpdate finish: new version:9
[65544:58744:0321/145132.725:WARNING:t_skinfilemap.cpp(56)] SGRenderLog:CheckUpdate newMem.OpenMem failed, szNewMem:Local\sgime_skin.v14.filemap.sogouime err:系统错误2: 系统找不到指定的文件。  
打开Filemap失败: Local\sgime_skin.v14.filemap.sogouime3318260cdc7
[65544:58744:0321/145132.725:WARNING:t_skinfilemap.cpp(65)] SGRenderLog:CheckUpdate finish: old version:1
[65544:58744:0321/145132.725:WARNING:t_skinfilemap.cpp(67)] SGRenderLog:CheckUpdate finish: new version:14
[65544:58744:0321/145132.774:WARNING:t_skinfilemap.cpp(63)] SGRenderLog:CheckUpdate newMem.OpenMem Suc, szNewMem:Local\sgime_skin.Dpi144.v14.filemap.sogouime
[65544:58744:0321/145132.774:WARNING:t_skinfilemap.cpp(65)] SGRenderLog:CheckUpdate finish: old version:14
[65544:58744:0321/145132.775:WARNING:t_skinfilemap.cpp(67)] SGRenderLog:CheckUpdate finish: new version:14
[61556:47816:0323/000832.159:WARNING:t_skinfilemap.cpp(56)] SGRenderLog:CheckUpdate newMem.OpenMem failed, szNewMem:Local\sgime_skin.v16.filemap.sogouime err:系统错误2: 系统找不到指定的文件。  
打开Filemap失败: Local\sgime_skin.v16.filemap.sogouime3318260cdc7
[61556:47816:0323/000832.159:WARNING:t_skinfilemap.cpp(65)] SGRenderLog:CheckUpdate finish: old version:1
[61556:47816:0323/000832.159:WARNING:t_skinfilemap.cpp(67)] SGRenderLog:CheckUpdate finish: new version:16
[61556:47816:0323/000832.210:WARNING:t_skinfilemap.cpp(63)] SGRenderLog:CheckUpdate newMem.OpenMem Suc, szNewMem:Local\sgime_skin.Dpi144.v16.filemap.sogouime
[61556:47816:0323/000832.210:WARNING:t_skinfilemap.cpp(65)] SGRenderLog:CheckUpdate finish: old version:16
[61556:47816:0323/000832.210:WARNING:t_skinfilemap.cpp(67)] SGRenderLog:CheckUpdate finish: new version:16
[63664:58200:0323/114456.284:WARNING:t_skinfilemap.cpp(56)] SGRenderLog:CheckUpdate newMem.OpenMem failed, szNewMem:Local\sgime_skin.v16.filemap.sogouime err:系统错误2: 系统找不到指定的文件。  
打开Filemap失败: Local\sgime_skin.v16.filemap.sogouime3318260cdc7
[63664:58200:0323/114456.293:WARNING:t_skinfilemap.cpp(65)] SGRenderLog:CheckUpdate finish: old version:1
[63664:58200:0323/114456.293:WARNING:t_skinfilemap.cpp(67)] SGRenderLog:CheckUpdate finish: new version:16
[63664:58200:0323/114456.333:WARNING:t_skinfilemap.cpp(63)] SGRenderLog:CheckUpdate newMem.OpenMem Suc, szNewMem:Local\sgime_skin.Dpi144.v16.filemap.sogouime
[63664:58200:0323/114456.333:WARNING:t_skinfilemap.cpp(65)] SGRenderLog:CheckUpdate finish: old version:16
[63664:58200:0323/114456.333:WARNING:t_skinfilemap.cpp(67)] SGRenderLog:CheckUpdate finish: new version:16
